<?xml version="1.0" encoding="UTF-8"?>
<!-- Generated by org.testng.reporters.JUnitXMLReporter -->
<testsuite hostname="SVRODK00069" ignored="2" name="demoxml" tests="3" failures="0" timestamp="24 Jul 2018 14:15:37 GMT" time="31.159" errors="0">
  <testcase name="validationHomePageContactButton" time="5.268" classname="test.automationpractice.HomePageTest"/>
  <testcase name="login" time="8.612" classname="test.automationpractice.LoginInvalidTest"/>
  <testcase name="loginValidationTest" time="9.135" classname="test.automationpractice.LoginTest"/>
  <testcase name="@BeforeSuite beforeSuite" time="0.0" classname="test.BaseTest">
    <ignored/>
  </testcase> <!-- @BeforeSuite beforeSuite -->
  <testcase name="@BeforeSuite beforeSuite" time="0.0" classname="test.BaseTest">
    <ignored/>
  </testcase> <!-- @BeforeSuite beforeSuite -->
</testsuite> <!-- demoxml -->
