<?xml version="1.0" encoding="UTF-8"?>
<!-- Generated by org.testng.reporters.JUnitXMLReporter -->
<testsuite hostname="SVRODK00069" ignored="2" name="testdemoxml" tests="3" failures="0" timestamp="26 Jul 2018 10:06:58 GMT" time="25.667" errors="0">
  <testcase name="validationHomePageContactButton" time="3.93" classname="test.automationpractice.HomePageTest"/>
  <testcase name="login" time="4.702" classname="test.automationpractice.LoginInvalidTest"/>
  <testcase name="loginValidationTest" time="5.391" classname="test.automationpractice.LoginTest"/>
  <testcase name="@BeforeSuite getParams" time="0.0" classname="test.BaseTest">
    <ignored/>
  </testcase> <!-- @BeforeSuite getParams -->
  <testcase name="@BeforeSuite getParams" time="0.0" classname="test.BaseTest">
    <ignored/>
  </testcase> <!-- @BeforeSuite getParams -->
</testsuite> <!-- testdemoxml -->
